07/02/2014 20:47:24 devpinoyLogger Executing the test TC01
07/02/2014 20:47:24 devpinoyLogger Executing Navigate
07/02/2014 20:47:45 devpinoyLogger ***Result of execution -- Pass
07/02/2014 20:47:46 devpinoyLogger Executing input Keyword
07/02/2014 20:47:47 devpinoyLogger ***Result of execution -- Pass
07/02/2014 20:47:47 devpinoyLogger Executing input Keyword
07/02/2014 20:47:47 devpinoyLogger ***Result of execution -- Pass
07/02/2014 20:47:47 devpinoyLogger Executing click Keyword
07/02/2014 20:47:47 devpinoyLogger ***Result of execution -- Pass
07/02/2014 20:47:51 devpinoyLogger ***********************************TC01 --- Pass
07/02/2014 20:47:51 devpinoyLogger Executing the test TC02
07/02/2014 20:47:51 devpinoyLogger Executing wait
07/02/2014 20:47:56 devpinoyLogger ***Result of execution -- Pass
07/02/2014 20:47:57 devpinoyLogger Executing MovetoElement Keyword
07/02/2014 20:47:57 devpinoyLogger ***Result of execution -- Pass
07/02/2014 20:47:57 devpinoyLogger Executing wait
07/02/2014 20:48:02 devpinoyLogger ***Result of execution -- Pass
07/02/2014 20:48:02 devpinoyLogger Executing click Keyword
07/02/2014 20:48:03 devpinoyLogger ***Result of execution -- Pass
07/02/2014 20:48:03 devpinoyLogger Executing clickLink
07/02/2014 20:48:03 devpinoyLogger ***Result of execution -- Pass
07/02/2014 20:48:03 devpinoyLogger Executing WindowHandler Keyword
07/02/2014 20:48:03 devpinoyLogger ***Result of execution -- Pass
07/02/2014 20:48:06 devpinoyLogger Executing wait
07/02/2014 20:48:11 devpinoyLogger ***Result of execution -- Pass
07/02/2014 20:48:11 devpinoyLogger Executing clearAll Keyword
07/02/2014 20:48:12 devpinoyLogger ***Result of execution -- Pass
07/02/2014 20:48:13 devpinoyLogger Executing wait
07/02/2014 20:48:18 devpinoyLogger ***Result of execution -- Pass
07/02/2014 20:48:18 devpinoyLogger Executing input Keyword
07/02/2014 20:48:18 devpinoyLogger ***Result of execution -- Pass
07/02/2014 20:48:18 devpinoyLogger Executing wait
07/02/2014 20:48:23 devpinoyLogger ***Result of execution -- Pass
07/02/2014 20:48:23 devpinoyLogger Executing clickEnter Keyword
07/02/2014 20:48:23 devpinoyLogger ***Result of execution -- Pass
07/02/2014 20:48:25 devpinoyLogger Executing wait
07/02/2014 20:48:30 devpinoyLogger ***Result of execution -- Pass
07/02/2014 20:48:30 devpinoyLogger Executing clearAll Keyword
07/02/2014 20:48:30 devpinoyLogger ***Result of execution -- Pass
07/02/2014 20:48:30 devpinoyLogger Executing input Keyword
07/02/2014 20:48:30 devpinoyLogger ***Result of execution -- Pass
07/02/2014 20:48:30 devpinoyLogger Executing wait
07/02/2014 20:48:35 devpinoyLogger ***Result of execution -- Pass
07/02/2014 20:48:36 devpinoyLogger Executing clickEnter Keyword
07/02/2014 20:48:36 devpinoyLogger ***Result of execution -- Pass
07/02/2014 20:48:36 devpinoyLogger Executing wait
07/02/2014 20:48:41 devpinoyLogger ***Result of execution -- Pass
07/02/2014 20:48:41 devpinoyLogger Executing clearAll Keyword
07/02/2014 20:48:41 devpinoyLogger ***Result of execution -- Pass
07/02/2014 20:48:41 devpinoyLogger Executing input Keyword
07/02/2014 20:48:41 devpinoyLogger ***Result of execution -- Pass
07/02/2014 20:48:42 devpinoyLogger Executing wait
07/02/2014 20:48:47 devpinoyLogger ***Result of execution -- Pass
07/02/2014 20:48:47 devpinoyLogger Executing clickEnter Keyword
07/02/2014 20:48:47 devpinoyLogger ***Result of execution -- Pass
07/02/2014 20:48:47 devpinoyLogger Executing wait
07/02/2014 20:48:52 devpinoyLogger ***Result of execution -- Pass
07/02/2014 20:48:52 devpinoyLogger Executing input Keyword
07/02/2014 20:48:54 devpinoyLogger ***Result of execution -- Pass
07/02/2014 20:48:54 devpinoyLogger Executing wait
07/02/2014 20:48:59 devpinoyLogger ***Result of execution -- Pass
07/02/2014 20:48:59 devpinoyLogger Executing clickEnter Keyword
07/02/2014 20:49:00 devpinoyLogger ***Result of execution -- Pass
07/02/2014 20:49:00 devpinoyLogger Executing wait
07/02/2014 20:49:05 devpinoyLogger ***Result of execution -- Pass
07/02/2014 20:49:05 devpinoyLogger Executing input Keyword
07/02/2014 20:49:05 devpinoyLogger ***Result of execution -- Pass
07/02/2014 20:49:05 devpinoyLogger Executing wait
07/02/2014 20:49:10 devpinoyLogger ***Result of execution -- Pass
07/02/2014 20:49:11 devpinoyLogger Executing clickEnter Keyword
07/02/2014 20:49:11 devpinoyLogger ***Result of execution -- Pass
07/02/2014 20:49:11 devpinoyLogger Executing click Keyword
07/02/2014 20:49:11 devpinoyLogger ***Result of execution -- Pass
07/02/2014 20:49:12 devpinoyLogger Executing wait
07/02/2014 20:49:17 devpinoyLogger ***Result of execution -- Pass
07/02/2014 20:49:17 devpinoyLogger Executing input Keyword
07/02/2014 20:49:17 devpinoyLogger ***Result of execution -- Pass
07/02/2014 20:49:17 devpinoyLogger Executing wait
07/02/2014 20:49:22 devpinoyLogger ***Result of execution -- Pass
07/02/2014 20:49:22 devpinoyLogger Executing clickDropDown Keyword
07/02/2014 20:49:23 devpinoyLogger ***Result of execution -- Pass
07/02/2014 20:49:23 devpinoyLogger Executing clickDropDown Keyword
07/02/2014 20:49:24 devpinoyLogger ***Result of execution -- Pass
07/02/2014 20:49:24 devpinoyLogger Executing clickDropDown Keyword
07/02/2014 20:49:25 devpinoyLogger ***Result of execution -- Pass
07/02/2014 20:49:25 devpinoyLogger Executing wait
07/02/2014 20:49:30 devpinoyLogger ***Result of execution -- Pass
07/02/2014 20:49:30 devpinoyLogger Executing click Keyword
07/02/2014 20:49:31 devpinoyLogger ***Result of execution -- Pass
07/02/2014 20:49:31 devpinoyLogger Executing wait
07/02/2014 20:49:46 devpinoyLogger ***Result of execution -- Pass
07/02/2014 20:49:46 devpinoyLogger Executing input Keyword
07/02/2014 20:49:47 devpinoyLogger ***Result of execution -- Pass
07/02/2014 20:49:47 devpinoyLogger Executing wait
07/02/2014 20:49:52 devpinoyLogger ***Result of execution -- Pass
07/02/2014 20:49:52 devpinoyLogger Executing input Keyword
07/02/2014 20:49:52 devpinoyLogger ***Result of execution -- Pass
07/02/2014 20:49:53 devpinoyLogger Executing wait
07/02/2014 20:49:58 devpinoyLogger ***Result of execution -- Pass
07/02/2014 20:49:58 devpinoyLogger Executing clickEnter Keyword
07/02/2014 20:49:58 devpinoyLogger ***Result of execution -- Pass
07/02/2014 20:49:58 devpinoyLogger Executing clickCheckBox Keyword
07/02/2014 20:49:59 devpinoyLogger ***Result of execution -- Pass
07/02/2014 20:49:59 devpinoyLogger Executing wait
07/02/2014 20:50:04 devpinoyLogger ***Result of execution -- Pass
07/02/2014 20:50:04 devpinoyLogger Executing clickCheckBox Keyword
07/02/2014 20:50:04 devpinoyLogger ***Result of execution -- Pass
07/02/2014 20:50:05 devpinoyLogger Executing wait
07/02/2014 20:50:10 devpinoyLogger ***Result of execution -- Pass
07/02/2014 20:50:10 devpinoyLogger Executing input Keyword
07/02/2014 20:50:10 devpinoyLogger ***Result of execution -- Pass
07/02/2014 20:50:10 devpinoyLogger Executing wait
07/02/2014 20:50:15 devpinoyLogger ***Result of execution -- Pass
07/02/2014 20:50:16 devpinoyLogger Executing click Keyword
07/02/2014 20:50:16 devpinoyLogger ***Result of execution -- Pass
07/02/2014 20:50:16 devpinoyLogger Executing wait
07/02/2014 20:50:31 devpinoyLogger ***Result of execution -- Pass
07/02/2014 20:50:31 devpinoyLogger Closing the tabbed window
07/02/2014 20:50:35 devpinoyLogger ***Result of execution -- Pass
07/02/2014 20:50:35 devpinoyLogger Error came
07/02/2014 20:50:35 devpinoyLogger Executing wait
07/02/2014 20:50:40 devpinoyLogger ***Result of execution -- Pass
07/02/2014 20:50:40 devpinoyLogger Error came
07/02/2014 20:50:40 devpinoyLogger Executing Main Window Focus Keyword
07/02/2014 20:50:43 devpinoyLogger ***Result of execution -- Pass
07/02/2014 20:50:43 devpinoyLogger ***********************************TC02 --- Pass
07/02/2014 20:50:43 devpinoyLogger Executing the test TC03
07/02/2014 20:50:43 devpinoyLogger Executing wait
07/02/2014 20:50:46 devpinoyLogger ***Result of execution -- Pass
07/02/2014 20:50:46 devpinoyLogger Executing click Keyword
07/02/2014 20:50:47 devpinoyLogger ***Result of execution -- Pass
07/02/2014 20:50:51 devpinoyLogger Executing clickLink
07/02/2014 20:50:51 devpinoyLogger ***Result of execution -- Pass
07/02/2014 20:50:52 devpinoyLogger Executing clearAll Keyword
07/02/2014 20:50:52 devpinoyLogger ***Result of execution -- Pass
07/02/2014 20:50:52 devpinoyLogger Executing input Keyword
07/02/2014 20:50:52 devpinoyLogger ***Result of execution -- Pass
07/02/2014 20:50:52 devpinoyLogger Executing wait
07/02/2014 20:51:07 devpinoyLogger ***Result of execution -- Pass
07/02/2014 20:51:08 devpinoyLogger Executing click Keyword
07/02/2014 20:51:08 devpinoyLogger ***Result of execution -- Pass
07/02/2014 20:51:08 devpinoyLogger Executing wait
07/02/2014 20:51:11 devpinoyLogger ***Result of execution -- Pass
07/02/2014 20:51:12 devpinoyLogger Executing clearAll Keyword
07/02/2014 20:51:12 devpinoyLogger ***Result of execution -- Pass
07/02/2014 20:51:12 devpinoyLogger Executing input Keyword
07/02/2014 20:51:13 devpinoyLogger ***Result of execution -- Pass
07/02/2014 20:51:13 devpinoyLogger Executing wait
07/02/2014 20:51:16 devpinoyLogger ***Result of execution -- Pass
07/02/2014 20:51:16 devpinoyLogger Executing click Keyword
07/02/2014 20:51:16 devpinoyLogger ***Result of execution -- Pass
07/02/2014 20:51:17 devpinoyLogger Executing wait
07/02/2014 20:51:20 devpinoyLogger ***Result of execution -- Pass
07/02/2014 20:51:20 devpinoyLogger Executing input Keyword
07/02/2014 20:51:20 devpinoyLogger ***Result of execution -- Pass
07/02/2014 20:51:21 devpinoyLogger Executing wait
07/02/2014 20:51:24 devpinoyLogger ***Result of execution -- Pass
07/02/2014 20:51:24 devpinoyLogger Executing click Keyword
07/02/2014 20:51:24 devpinoyLogger ***Result of execution -- Pass
07/02/2014 20:51:26 devpinoyLogger Executing wait
07/02/2014 20:51:29 devpinoyLogger ***Result of execution -- Pass
07/02/2014 20:51:29 devpinoyLogger Executing input Keyword
07/02/2014 20:51:30 devpinoyLogger ***Result of execution -- Pass
07/02/2014 20:51:30 devpinoyLogger Executing clickEnter Keyword
07/02/2014 20:51:30 devpinoyLogger ***Result of execution -- Pass
07/02/2014 20:51:31 devpinoyLogger Executing clearAll Keyword
07/02/2014 20:51:31 devpinoyLogger ***Result of execution -- Pass
07/02/2014 20:51:31 devpinoyLogger Executing input Keyword
07/02/2014 20:51:32 devpinoyLogger ***Result of execution -- Pass
07/02/2014 20:51:32 devpinoyLogger Executing clickEnter Keyword
07/02/2014 20:51:32 devpinoyLogger ***Result of execution -- Pass
07/02/2014 20:51:32 devpinoyLogger Executing clearAll Keyword
07/02/2014 20:51:33 devpinoyLogger ***Result of execution -- Pass
07/02/2014 20:51:33 devpinoyLogger Executing input Keyword
07/02/2014 20:51:33 devpinoyLogger ***Result of execution -- Pass
07/02/2014 20:51:34 devpinoyLogger Executing clickEnter Keyword
07/02/2014 20:51:34 devpinoyLogger ***Result of execution -- Pass
07/02/2014 20:51:34 devpinoyLogger Executing clearAll Keyword
07/02/2014 20:51:34 devpinoyLogger ***Result of execution -- Pass
07/02/2014 20:51:34 devpinoyLogger Executing input Keyword
07/02/2014 20:51:34 devpinoyLogger ***Result of execution -- Pass
07/02/2014 20:51:35 devpinoyLogger Executing input Keyword
07/02/2014 20:51:35 devpinoyLogger ***Result of execution -- Pass
07/02/2014 20:51:35 devpinoyLogger Executing wait
07/02/2014 20:51:38 devpinoyLogger ***Result of execution -- Pass
07/02/2014 20:51:38 devpinoyLogger Executing click Keyword
07/02/2014 20:51:39 devpinoyLogger ***Result of execution -- Pass
07/02/2014 20:51:39 devpinoyLogger Executing wait
07/02/2014 20:51:42 devpinoyLogger ***Result of execution -- Pass
07/02/2014 20:51:43 devpinoyLogger Executing click Keyword
07/02/2014 20:51:45 devpinoyLogger ***Result of execution -- Pass
07/02/2014 20:51:46 devpinoyLogger Executing wait
07/02/2014 20:51:49 devpinoyLogger ***Result of execution -- Pass
07/02/2014 20:51:49 devpinoyLogger Executing click Keyword
07/02/2014 20:51:49 devpinoyLogger ***Result of execution -- Pass
07/02/2014 20:51:53 devpinoyLogger ***********************************TC03 --- Pass
07/02/2014 20:51:53 devpinoyLogger Executing the test TC04
07/02/2014 20:51:53 devpinoyLogger Executing wait
07/02/2014 20:52:53 devpinoyLogger ***Result of execution -- Pass
07/02/2014 20:52:53 devpinoyLogger Executing click Keyword
07/02/2014 20:52:54 devpinoyLogger ***Result of execution -- Pass
07/02/2014 20:52:54 devpinoyLogger Executing clickLink
07/02/2014 20:52:54 devpinoyLogger ***Result of execution -- Pass
07/02/2014 20:52:54 devpinoyLogger Executing WindowHandler Keyword
07/02/2014 20:52:54 devpinoyLogger ***Result of execution -- Pass
07/02/2014 20:53:04 devpinoyLogger Executing wait
07/02/2014 20:53:07 devpinoyLogger ***Result of execution -- Pass
07/02/2014 20:53:08 devpinoyLogger Executing click Keyword
07/02/2014 20:53:08 devpinoyLogger ***Result of execution -- Pass
07/02/2014 20:54:44 devpinoyLogger Executing clickLink
07/02/2014 20:54:44 devpinoyLogger ***Result of execution -- Pass
07/02/2014 20:54:44 devpinoyLogger Executing wait
07/02/2014 20:54:47 devpinoyLogger ***Result of execution -- Pass
07/02/2014 20:54:47 devpinoyLogger Executing clickDropDown Keyword
07/02/2014 20:56:48 devpinoyLogger Error while selecting the values from Dropdown -dropdown_selectusertypeUnable to locate element: {"method":"xpath","selector":"//*[@id='upload_type']"}
Command duration or timeout: 120.06 seconds
For documentation on this error, please visit: http://seleniumhq.org/exceptions/no_such_element.html
Build info: version: '2.39.0', revision: 'ff23eac', time: '2013-12-16 16:12:12'
System info: host: 'RAVISHANKAR', ip: '192.168.199.1', os.name: 'Windows 7', os.arch: 'amd64', os.version: '6.1', java.version: '1.6.0_39'
Session ID: 56325ad1-8f2f-4a3d-b016-a3a1696ea678
Driver info: org.openqa.selenium.firefox.FirefoxDriver
Capabilities [{platform=XP, acceptSslCerts=true, javascriptEnabled=true, browserName=firefox, rotatable=false, locationContextEnabled=true, version=26.0, cssSelectorsEnabled=true, databaseEnabled=true, handlesAlerts=true, browserConnectionEnabled=true, nativeEvents=true, webStorageEnabled=true, applicationCacheEnabled=true, takesScreenshot=true}]
07/02/2014 20:56:48 devpinoyLogger ***Result of execution -- Fail - Unable to locate element: {"method":"xpath","selector":"//*[@id='upload_type']"}
Command duration or timeout: 120.06 seconds
For documentation on this error, please visit: http://seleniumhq.org/exceptions/no_such_element.html
Build info: version: '2.39.0', revision: 'ff23eac', time: '2013-12-16 16:12:12'
System info: host: 'RAVISHANKAR', ip: '192.168.199.1', os.name: 'Windows 7', os.arch: 'amd64', os.version: '6.1', java.version: '1.6.0_39'
Session ID: 56325ad1-8f2f-4a3d-b016-a3a1696ea678
Driver info: org.openqa.selenium.firefox.FirefoxDriver
Capabilities [{platform=XP, acceptSslCerts=true, javascriptEnabled=true, browserName=firefox, rotatable=false, locationContextEnabled=true, version=26.0, cssSelectorsEnabled=true, databaseEnabled=true, handlesAlerts=true, browserConnectionEnabled=true, nativeEvents=true, webStorageEnabled=true, applicationCacheEnabled=true, takesScreenshot=true}]
07/02/2014 20:56:48 devpinoyLogger Executing wait
07/02/2014 20:56:51 devpinoyLogger ***Result of execution -- Pass
07/02/2014 20:56:51 devpinoyLogger Executing rostersUpload Keyword
07/02/2014 20:56:51 devpinoyLogger ***Result of execution -- Pass
07/02/2014 20:56:51 devpinoyLogger Executing wait
07/02/2014 20:56:54 devpinoyLogger ***Result of execution -- Pass
07/02/2014 20:56:55 devpinoyLogger Executing click Keyword
07/02/2014 20:58:55 devpinoyLogger Error while clicking on Button -button_roster_importUnable to locate element: {"method":"xpath","selector":"//*[@id='check-import-roster']"}
Command duration or timeout: 120.13 seconds
For documentation on this error, please visit: http://seleniumhq.org/exceptions/no_such_element.html
Build info: version: '2.39.0', revision: 'ff23eac', time: '2013-12-16 16:12:12'
System info: host: 'RAVISHANKAR', ip: '192.168.199.1', os.name: 'Windows 7', os.arch: 'amd64', os.version: '6.1', java.version: '1.6.0_39'
Session ID: 56325ad1-8f2f-4a3d-b016-a3a1696ea678
Driver info: org.openqa.selenium.firefox.FirefoxDriver
Capabilities [{platform=XP, acceptSslCerts=true, javascriptEnabled=true, browserName=firefox, rotatable=false, locationContextEnabled=true, version=26.0, cssSelectorsEnabled=true, databaseEnabled=true, handlesAlerts=true, browserConnectionEnabled=true, nativeEvents=true, webStorageEnabled=true, applicationCacheEnabled=true, takesScreenshot=true}]
07/02/2014 20:58:55 devpinoyLogger ***Result of execution -- Fail - Unable to locate element: {"method":"xpath","selector":"//*[@id='check-import-roster']"}
Command duration or timeout: 120.13 seconds
For documentation on this error, please visit: http://seleniumhq.org/exceptions/no_such_element.html
Build info: version: '2.39.0', revision: 'ff23eac', time: '2013-12-16 16:12:12'
System info: host: 'RAVISHANKAR', ip: '192.168.199.1', os.name: 'Windows 7', os.arch: 'amd64', os.version: '6.1', java.version: '1.6.0_39'
Session ID: 56325ad1-8f2f-4a3d-b016-a3a1696ea678
Driver info: org.openqa.selenium.firefox.FirefoxDriver
Capabilities [{platform=XP, acceptSslCerts=true, javascriptEnabled=true, browserName=firefox, rotatable=false, locationContextEnabled=true, version=26.0, cssSelectorsEnabled=true, databaseEnabled=true, handlesAlerts=true, browserConnectionEnabled=true, nativeEvents=true, webStorageEnabled=true, applicationCacheEnabled=true, takesScreenshot=true}]
07/02/2014 20:58:55 devpinoyLogger Executing wait
07/02/2014 20:58:58 devpinoyLogger ***Result of execution -- Pass
07/02/2014 20:58:59 devpinoyLogger Executing click Keyword
07/02/2014 21:00:59 devpinoyLogger Error while clicking on Button -button_roster_confirmUnable to locate element: {"method":"xpath","selector":"//*[@id='confirm_roster_link']"}
Command duration or timeout: 120.05 seconds
For documentation on this error, please visit: http://seleniumhq.org/exceptions/no_such_element.html
Build info: version: '2.39.0', revision: 'ff23eac', time: '2013-12-16 16:12:12'
System info: host: 'RAVISHANKAR', ip: '192.168.199.1', os.name: 'Windows 7', os.arch: 'amd64', os.version: '6.1', java.version: '1.6.0_39'
Session ID: 56325ad1-8f2f-4a3d-b016-a3a1696ea678
Driver info: org.openqa.selenium.firefox.FirefoxDriver
Capabilities [{platform=XP, acceptSslCerts=true, javascriptEnabled=true, browserName=firefox, rotatable=false, locationContextEnabled=true, version=26.0, cssSelectorsEnabled=true, databaseEnabled=true, handlesAlerts=true, browserConnectionEnabled=true, nativeEvents=true, webStorageEnabled=true, applicationCacheEnabled=true, takesScreenshot=true}]
07/02/2014 21:00:59 devpinoyLogger ***Result of execution -- Fail - Unable to locate element: {"method":"xpath","selector":"//*[@id='confirm_roster_link']"}
Command duration or timeout: 120.05 seconds
For documentation on this error, please visit: http://seleniumhq.org/exceptions/no_such_element.html
Build info: version: '2.39.0', revision: 'ff23eac', time: '2013-12-16 16:12:12'
System info: host: 'RAVISHANKAR', ip: '192.168.199.1', os.name: 'Windows 7', os.arch: 'amd64', os.version: '6.1', java.version: '1.6.0_39'
Session ID: 56325ad1-8f2f-4a3d-b016-a3a1696ea678
Driver info: org.openqa.selenium.firefox.FirefoxDriver
Capabilities [{platform=XP, acceptSslCerts=true, javascriptEnabled=true, browserName=firefox, rotatable=false, locationContextEnabled=true, version=26.0, cssSelectorsEnabled=true, databaseEnabled=true, handlesAlerts=true, browserConnectionEnabled=true, nativeEvents=true, webStorageEnabled=true, applicationCacheEnabled=true, takesScreenshot=true}]
07/02/2014 21:00:59 devpinoyLogger Executing wait
07/02/2014 21:01:02 devpinoyLogger ***Result of execution -- Pass
07/02/2014 21:01:02 devpinoyLogger Executing click Keyword
07/02/2014 21:03:02 devpinoyLogger Error while clicking on Button -link_homeUnable to locate element: {"method":"xpath","selector":"//*[@id='topnav']/ul/li[1]/a"}
Command duration or timeout: 120.17 seconds
For documentation on this error, please visit: http://seleniumhq.org/exceptions/no_such_element.html
Build info: version: '2.39.0', revision: 'ff23eac', time: '2013-12-16 16:12:12'
System info: host: 'RAVISHANKAR', ip: '192.168.199.1', os.name: 'Windows 7', os.arch: 'amd64', os.version: '6.1', java.version: '1.6.0_39'
Session ID: 56325ad1-8f2f-4a3d-b016-a3a1696ea678
Driver info: org.openqa.selenium.firefox.FirefoxDriver
Capabilities [{platform=XP, acceptSslCerts=true, javascriptEnabled=true, browserName=firefox, rotatable=false, locationContextEnabled=true, version=26.0, cssSelectorsEnabled=true, databaseEnabled=true, handlesAlerts=true, browserConnectionEnabled=true, nativeEvents=true, webStorageEnabled=true, applicationCacheEnabled=true, takesScreenshot=true}]
07/02/2014 21:03:02 devpinoyLogger ***Result of execution -- Fail - Unable to locate element: {"method":"xpath","selector":"//*[@id='topnav']/ul/li[1]/a"}
Command duration or timeout: 120.17 seconds
For documentation on this error, please visit: http://seleniumhq.org/exceptions/no_such_element.html
Build info: version: '2.39.0', revision: 'ff23eac', time: '2013-12-16 16:12:12'
System info: host: 'RAVISHANKAR', ip: '192.168.199.1', os.name: 'Windows 7', os.arch: 'amd64', os.version: '6.1', java.version: '1.6.0_39'
Session ID: 56325ad1-8f2f-4a3d-b016-a3a1696ea678
Driver info: org.openqa.selenium.firefox.FirefoxDriver
Capabilities [{platform=XP, acceptSslCerts=true, javascriptEnabled=true, browserName=firefox, rotatable=false, locationContextEnabled=true, version=26.0, cssSelectorsEnabled=true, databaseEnabled=true, handlesAlerts=true, browserConnectionEnabled=true, nativeEvents=true, webStorageEnabled=true, applicationCacheEnabled=true, takesScreenshot=true}]
07/02/2014 21:03:02 devpinoyLogger Executing wait
07/02/2014 21:03:05 devpinoyLogger ***Result of execution -- Pass
07/02/2014 21:03:06 devpinoyLogger Executing click Keyword
07/02/2014 21:03:06 devpinoyLogger ***Result of execution -- Pass
07/02/2014 21:03:23 devpinoyLogger Executing clickLink
07/02/2014 21:03:23 devpinoyLogger ***Result of execution -- Pass
07/02/2014 21:03:23 devpinoyLogger Executing wait
07/02/2014 21:03:26 devpinoyLogger ***Result of execution -- Pass
07/02/2014 21:03:27 devpinoyLogger Executing clickDropDown Keyword
07/02/2014 21:03:27 devpinoyLogger ***Result of execution -- Pass
07/02/2014 21:03:27 devpinoyLogger Executing wait
07/02/2014 21:03:30 devpinoyLogger ***Result of execution -- Pass
07/02/2014 21:03:31 devpinoyLogger Executing rostersUpload Keyword
07/02/2014 21:03:31 devpinoyLogger ***Result of execution -- Pass
07/02/2014 21:03:31 devpinoyLogger Executing wait
07/02/2014 21:03:34 devpinoyLogger ***Result of execution -- Pass
07/02/2014 21:03:34 devpinoyLogger Executing click Keyword
07/02/2014 21:03:35 devpinoyLogger ***Result of execution -- Pass
07/02/2014 21:03:36 devpinoyLogger Executing wait
07/02/2014 21:03:39 devpinoyLogger ***Result of execution -- Pass
07/02/2014 21:03:39 devpinoyLogger Executing click Keyword
07/02/2014 21:05:20 devpinoyLogger Error while clicking on Button -button_roster_confirmError communicating with the remote browser. It may have died.
Build info: version: '2.39.0', revision: 'ff23eac', time: '2013-12-16 16:12:12'
System info: host: 'RAVISHANKAR', ip: '192.168.199.1', os.name: 'Windows 7', os.arch: 'amd64', os.version: '6.1', java.version: '1.6.0_39'
Driver info: driver.version: EventFiringWebDriver
07/02/2014 21:05:20 devpinoyLogger ***Result of execution -- Fail - Error communicating with the remote browser. It may have died.
Build info: version: '2.39.0', revision: 'ff23eac', time: '2013-12-16 16:12:12'
System info: host: 'RAVISHANKAR', ip: '192.168.199.1', os.name: 'Windows 7', os.arch: 'amd64', os.version: '6.1', java.version: '1.6.0_39'
Driver info: driver.version: EventFiringWebDriver
07/02/2014 21:05:21 devpinoyLogger Error came
07/02/2014 21:05:21 devpinoyLogger Executing wait
07/02/2014 21:05:24 devpinoyLogger ***Result of execution -- Pass
07/02/2014 21:05:25 devpinoyLogger Error came
07/02/2014 21:05:25 devpinoyLogger Executing click Keyword
07/02/2014 21:05:26 devpinoyLogger Error while clicking on Button -link_homeError communicating with the remote browser. It may have died.
Build info: version: '2.39.0', revision: 'ff23eac', time: '2013-12-16 16:12:12'
System info: host: 'RAVISHANKAR', ip: '192.168.199.1', os.name: 'Windows 7', os.arch: 'amd64', os.version: '6.1', java.version: '1.6.0_39'
Driver info: driver.version: EventFiringWebDriver
07/02/2014 21:05:26 devpinoyLogger ***Result of execution -- Fail - Error communicating with the remote browser. It may have died.
Build info: version: '2.39.0', revision: 'ff23eac', time: '2013-12-16 16:12:12'
System info: host: 'RAVISHANKAR', ip: '192.168.199.1', os.name: 'Windows 7', os.arch: 'amd64', os.version: '6.1', java.version: '1.6.0_39'
Driver info: driver.version: EventFiringWebDriver
07/02/2014 21:05:27 devpinoyLogger Error came
07/02/2014 21:05:27 devpinoyLogger Executing wait
07/02/2014 21:05:30 devpinoyLogger ***Result of execution -- Pass
07/02/2014 21:05:31 devpinoyLogger Error came
07/02/2014 21:05:31 devpinoyLogger Executing click Keyword
07/02/2014 21:05:32 devpinoyLogger Error while clicking on Button -button_manageusersError communicating with the remote browser. It may have died.
Build info: version: '2.39.0', revision: 'ff23eac', time: '2013-12-16 16:12:12'
System info: host: 'RAVISHANKAR', ip: '192.168.199.1', os.name: 'Windows 7', os.arch: 'amd64', os.version: '6.1', java.version: '1.6.0_39'
Driver info: driver.version: EventFiringWebDriver
07/02/2014 21:05:32 devpinoyLogger ***Result of execution -- Fail - Error communicating with the remote browser. It may have died.
Build info: version: '2.39.0', revision: 'ff23eac', time: '2013-12-16 16:12:12'
System info: host: 'RAVISHANKAR', ip: '192.168.199.1', os.name: 'Windows 7', os.arch: 'amd64', os.version: '6.1', java.version: '1.6.0_39'
Driver info: driver.version: EventFiringWebDriver
07/02/2014 21:05:33 devpinoyLogger Error came
07/02/2014 21:05:33 devpinoyLogger Executing wait
07/02/2014 21:05:53 devpinoyLogger ***Result of execution -- Pass
07/02/2014 21:05:54 devpinoyLogger Error came
07/02/2014 21:05:54 devpinoyLogger Executing click Keyword
07/02/2014 21:05:55 devpinoyLogger Error while clicking on Button -button_viewallusersError communicating with the remote browser. It may have died.
Build info: version: '2.39.0', revision: 'ff23eac', time: '2013-12-16 16:12:12'
System info: host: 'RAVISHANKAR', ip: '192.168.199.1', os.name: 'Windows 7', os.arch: 'amd64', os.version: '6.1', java.version: '1.6.0_39'
Driver info: driver.version: EventFiringWebDriver
07/02/2014 21:05:55 devpinoyLogger ***Result of execution -- Fail - Error communicating with the remote browser. It may have died.
Build info: version: '2.39.0', revision: 'ff23eac', time: '2013-12-16 16:12:12'
System info: host: 'RAVISHANKAR', ip: '192.168.199.1', os.name: 'Windows 7', os.arch: 'amd64', os.version: '6.1', java.version: '1.6.0_39'
Driver info: driver.version: EventFiringWebDriver
07/02/2014 21:05:56 devpinoyLogger Error came
07/02/2014 21:05:56 devpinoyLogger Executing wait
07/02/2014 21:05:59 devpinoyLogger ***Result of execution -- Pass
07/02/2014 21:06:00 devpinoyLogger Error came
07/02/2014 21:06:00 devpinoyLogger Executing clickDropDown Keyword
07/02/2014 21:06:01 devpinoyLogger Error while selecting the values from Dropdown -dropdown_selectusertype_finduserError communicating with the remote browser. It may have died.
Build info: version: '2.39.0', revision: 'ff23eac', time: '2013-12-16 16:12:12'
System info: host: 'RAVISHANKAR', ip: '192.168.199.1', os.name: 'Windows 7', os.arch: 'amd64', os.version: '6.1', java.version: '1.6.0_39'
Driver info: driver.version: EventFiringWebDriver
07/02/2014 21:06:01 devpinoyLogger ***Result of execution -- Fail - Error communicating with the remote browser. It may have died.
Build info: version: '2.39.0', revision: 'ff23eac', time: '2013-12-16 16:12:12'
System info: host: 'RAVISHANKAR', ip: '192.168.199.1', os.name: 'Windows 7', os.arch: 'amd64', os.version: '6.1', java.version: '1.6.0_39'
Driver info: driver.version: EventFiringWebDriver
07/02/2014 21:06:02 devpinoyLogger Error came
07/02/2014 21:06:02 devpinoyLogger Executing wait
07/02/2014 21:06:05 devpinoyLogger ***Result of execution -- Pass
07/02/2014 21:06:06 devpinoyLogger Error came
07/02/2014 21:06:06 devpinoyLogger Error came
07/02/2014 21:06:06 devpinoyLogger Executing wait
07/02/2014 21:06:09 devpinoyLogger ***Result of execution -- Pass
07/02/2014 21:06:10 devpinoyLogger Error came
07/02/2014 21:06:10 devpinoyLogger Executing WindowHandler Keyword
07/02/2014 21:06:11 devpinoyLogger Error while clicking on Button -Error communicating with the remote browser. It may have died.
Build info: version: '2.39.0', revision: 'ff23eac', time: '2013-12-16 16:12:12'
System info: host: 'RAVISHANKAR', ip: '192.168.199.1', os.name: 'Windows 7', os.arch: 'amd64', os.version: '6.1', java.version: '1.6.0_39'
Driver info: driver.version: EventFiringWebDriver
07/02/2014 21:06:11 devpinoyLogger ***Result of execution -- Fail - Error communicating with the remote browser. It may have died.
Build info: version: '2.39.0', revision: 'ff23eac', time: '2013-12-16 16:12:12'
System info: host: 'RAVISHANKAR', ip: '192.168.199.1', os.name: 'Windows 7', os.arch: 'amd64', os.version: '6.1', java.version: '1.6.0_39'
Driver info: driver.version: EventFiringWebDriver
07/02/2014 21:06:12 devpinoyLogger Error came
07/02/2014 21:06:12 devpinoyLogger Executing clickLink
07/02/2014 21:06:13 devpinoyLogger Error while having implicit wait -Error communicating with the remote browser. It may have died.
Build info: version: '2.39.0', revision: 'ff23eac', time: '2013-12-16 16:12:12'
System info: host: 'RAVISHANKAR', ip: '192.168.199.1', os.name: 'Windows 7', os.arch: 'amd64', os.version: '6.1', java.version: '1.6.0_39'
Driver info: driver.version: FirefoxDriver
07/02/2014 21:06:13 devpinoyLogger ***Result of execution -- Fail - Implicit wait did not get executed
07/02/2014 21:06:14 devpinoyLogger Error came
07/02/2014 21:06:14 devpinoyLogger Executing clearAll Keyword
07/02/2014 21:06:15 devpinoyLogger Error while clearing the field -input_teacher_edit_pwdError communicating with the remote browser. It may have died.
Build info: version: '2.39.0', revision: 'ff23eac', time: '2013-12-16 16:12:12'
System info: host: 'RAVISHANKAR', ip: '192.168.199.1', os.name: 'Windows 7', os.arch: 'amd64', os.version: '6.1', java.version: '1.6.0_39'
Driver info: driver.version: EventFiringWebDriver
07/02/2014 21:06:15 devpinoyLogger ***Result of execution -- Fail - Error communicating with the remote browser. It may have died.
Build info: version: '2.39.0', revision: 'ff23eac', time: '2013-12-16 16:12:12'
System info: host: 'RAVISHANKAR', ip: '192.168.199.1', os.name: 'Windows 7', os.arch: 'amd64', os.version: '6.1', java.version: '1.6.0_39'
Driver info: driver.version: EventFiringWebDriver
07/02/2014 21:06:16 devpinoyLogger Error came
07/02/2014 21:06:16 devpinoyLogger Executing wait
07/02/2014 21:06:19 devpinoyLogger ***Result of execution -- Pass
07/02/2014 21:06:20 devpinoyLogger Error came
07/02/2014 21:06:20 devpinoyLogger Executing input Keyword
07/02/2014 21:06:21 devpinoyLogger Error while wrinting into input -input_teacher_edit_pwdError communicating with the remote browser. It may have died.
Build info: version: '2.39.0', revision: 'ff23eac', time: '2013-12-16 16:12:12'
System info: host: 'RAVISHANKAR', ip: '192.168.199.1', os.name: 'Windows 7', os.arch: 'amd64', os.version: '6.1', java.version: '1.6.0_39'
Driver info: driver.version: EventFiringWebDriver
07/02/2014 21:06:21 devpinoyLogger ***Result of execution -- Fail - Error communicating with the remote browser. It may have died.
Build info: version: '2.39.0', revision: 'ff23eac', time: '2013-12-16 16:12:12'
System info: host: 'RAVISHANKAR', ip: '192.168.199.1', os.name: 'Windows 7', os.arch: 'amd64', os.version: '6.1', java.version: '1.6.0_39'
Driver info: driver.version: EventFiringWebDriver
07/02/2014 21:06:22 devpinoyLogger Error came
07/02/2014 21:06:22 devpinoyLogger Executing wait
07/02/2014 21:06:25 devpinoyLogger ***Result of execution -- Pass
07/02/2014 21:06:26 devpinoyLogger Error came
07/02/2014 21:06:26 devpinoyLogger Executing clearAll Keyword
07/02/2014 21:06:27 devpinoyLogger Error while clearing the field -input_teacher_edit_confirm_pwdError communicating with the remote browser. It may have died.
Build info: version: '2.39.0', revision: 'ff23eac', time: '2013-12-16 16:12:12'
System info: host: 'RAVISHANKAR', ip: '192.168.199.1', os.name: 'Windows 7', os.arch: 'amd64', os.version: '6.1', java.version: '1.6.0_39'
Driver info: driver.version: EventFiringWebDriver
07/02/2014 21:06:27 devpinoyLogger ***Result of execution -- Fail - Error communicating with the remote browser. It may have died.
Build info: version: '2.39.0', revision: 'ff23eac', time: '2013-12-16 16:12:12'
System info: host: 'RAVISHANKAR', ip: '192.168.199.1', os.name: 'Windows 7', os.arch: 'amd64', os.version: '6.1', java.version: '1.6.0_39'
Driver info: driver.version: EventFiringWebDriver
07/02/2014 21:06:28 devpinoyLogger Error came
07/02/2014 21:06:28 devpinoyLogger Executing wait
07/02/2014 21:06:31 devpinoyLogger ***Result of execution -- Pass
07/02/2014 21:06:32 devpinoyLogger Error came
07/02/2014 21:06:32 devpinoyLogger Executing input Keyword
07/02/2014 21:06:33 devpinoyLogger Error while wrinting into input -input_teacher_edit_confirm_pwdError communicating with the remote browser. It may have died.
Build info: version: '2.39.0', revision: 'ff23eac', time: '2013-12-16 16:12:12'
System info: host: 'RAVISHANKAR', ip: '192.168.199.1', os.name: 'Windows 7', os.arch: 'amd64', os.version: '6.1', java.version: '1.6.0_39'
Driver info: driver.version: EventFiringWebDriver
07/02/2014 21:06:33 devpinoyLogger ***Result of execution -- Fail - Error communicating with the remote browser. It may have died.
Build info: version: '2.39.0', revision: 'ff23eac', time: '2013-12-16 16:12:12'
System info: host: 'RAVISHANKAR', ip: '192.168.199.1', os.name: 'Windows 7', os.arch: 'amd64', os.version: '6.1', java.version: '1.6.0_39'
Driver info: driver.version: EventFiringWebDriver
07/02/2014 21:06:34 devpinoyLogger Error came
07/02/2014 21:06:34 devpinoyLogger Executing wait
07/02/2014 21:06:37 devpinoyLogger ***Result of execution -- Pass
07/02/2014 21:06:38 devpinoyLogger Error came
07/02/2014 21:06:38 devpinoyLogger Executing click Keyword
07/02/2014 21:06:39 devpinoyLogger Error while clicking on Button -button_teacher_edit_submitError communicating with the remote browser. It may have died.
Build info: version: '2.39.0', revision: 'ff23eac', time: '2013-12-16 16:12:12'
System info: host: 'RAVISHANKAR', ip: '192.168.199.1', os.name: 'Windows 7', os.arch: 'amd64', os.version: '6.1', java.version: '1.6.0_39'
Driver info: driver.version: EventFiringWebDriver
07/02/2014 21:06:39 devpinoyLogger ***Result of execution -- Fail - Error communicating with the remote browser. It may have died.
Build info: version: '2.39.0', revision: 'ff23eac', time: '2013-12-16 16:12:12'
System info: host: 'RAVISHANKAR', ip: '192.168.199.1', os.name: 'Windows 7', os.arch: 'amd64', os.version: '6.1', java.version: '1.6.0_39'
Driver info: driver.version: EventFiringWebDriver
07/02/2014 21:06:40 devpinoyLogger Error came
07/02/2014 21:06:40 devpinoyLogger Executing wait
07/02/2014 21:06:43 devpinoyLogger ***Result of execution -- Pass
07/02/2014 21:06:44 devpinoyLogger Error came
07/02/2014 21:06:44 devpinoyLogger Executing Main Window Focus Keyword
07/02/2014 21:06:48 devpinoyLogger Error while foucusing to the Main Window-Error communicating with the remote browser. It may have died.
Build info: version: '2.39.0', revision: 'ff23eac', time: '2013-12-16 16:12:12'
System info: host: 'RAVISHANKAR', ip: '192.168.199.1', os.name: 'Windows 7', os.arch: 'amd64', os.version: '6.1', java.version: '1.6.0_39'
Driver info: driver.version: RemoteWebDriver
07/02/2014 21:06:48 devpinoyLogger ***Result of execution -- Fail - Error communicating with the remote browser. It may have died.
Build info: version: '2.39.0', revision: 'ff23eac', time: '2013-12-16 16:12:12'
System info: host: 'RAVISHANKAR', ip: '192.168.199.1', os.name: 'Windows 7', os.arch: 'amd64', os.version: '6.1', java.version: '1.6.0_39'
Driver info: driver.version: RemoteWebDriver
07/02/2014 21:06:49 devpinoyLogger Error came
07/02/2014 21:06:49 devpinoyLogger Executing wait
07/02/2014 21:06:52 devpinoyLogger ***Result of execution -- Pass
07/02/2014 21:06:53 devpinoyLogger Error came
07/02/2014 21:06:53 devpinoyLogger Executing click Keyword
07/02/2014 21:06:54 devpinoyLogger Error while clicking on Button -link_homeError communicating with the remote browser. It may have died.
Build info: version: '2.39.0', revision: 'ff23eac', time: '2013-12-16 16:12:12'
System info: host: 'RAVISHANKAR', ip: '192.168.199.1', os.name: 'Windows 7', os.arch: 'amd64', os.version: '6.1', java.version: '1.6.0_39'
Driver info: driver.version: EventFiringWebDriver
07/02/2014 21:06:54 devpinoyLogger ***Result of execution -- Fail - Error communicating with the remote browser. It may have died.
Build info: version: '2.39.0', revision: 'ff23eac', time: '2013-12-16 16:12:12'
System info: host: 'RAVISHANKAR', ip: '192.168.199.1', os.name: 'Windows 7', os.arch: 'amd64', os.version: '6.1', java.version: '1.6.0_39'
Driver info: driver.version: EventFiringWebDriver
07/02/2014 21:06:55 devpinoyLogger Error came
07/02/2014 21:06:55 devpinoyLogger ***********************************TC04 --- Fail - Unable to locate element: {"method":"xpath","selector":"//*[@id='topnav']/ul/li[1]/a"}
Command duration or timeout: 120.17 seconds
For documentation on this error, please visit: http://seleniumhq.org/exceptions/no_such_element.html
Build info: version: '2.39.0', revision: 'ff23eac', time: '2013-12-16 16:12:12'
System info: host: 'RAVISHANKAR', ip: '192.168.199.1', os.name: 'Windows 7', os.arch: 'amd64', os.version: '6.1', java.version: '1.6.0_39'
Session ID: 56325ad1-8f2f-4a3d-b016-a3a1696ea678
Driver info: org.openqa.selenium.firefox.FirefoxDriver
Capabilities [{platform=XP, acceptSslCerts=true, javascriptEnabled=true, browserName=firefox, rotatable=false, locationContextEnabled=true, version=26.0, cssSelectorsEnabled=true, databaseEnabled=true, handlesAlerts=true, browserConnectionEnabled=true, nativeEvents=true, webStorageEnabled=true, applicationCacheEnabled=true, takesScreenshot=true}]
07/02/2014 21:06:55 devpinoyLogger Skipping the test TC05
07/02/2014 21:06:55 devpinoyLogger ***********************************TC05 --- Skip
07/02/2014 21:06:55 devpinoyLogger Skipping the test TC06
07/02/2014 21:06:55 devpinoyLogger ***********************************TC06 --- Skip
07/02/2014 21:06:55 devpinoyLogger Skipping the test TC07
07/02/2014 21:06:55 devpinoyLogger ***********************************TC07 --- Skip
07/02/2014 21:06:55 devpinoyLogger Skipping the test TC08
07/02/2014 21:06:55 devpinoyLogger ***********************************TC08 --- Skip
